<?xml version="1.0" encoding="UTF-8"?>
<!-- Generated by org.testng.reporters.JUnitXMLReporter -->
<testsuite hostname="Rashmes-MacBook-Air.local" ignored="0" name="Test Cases" tests="20" failures="2" timestamp="26 Jul 2022 03:42:02 GMT" time="78.429" errors="0">
  <testcase name="googleLogo" time="0.222" classname="com.TDDFramework.TestNGBasics.GoogleTitleTestAssert"/>
  <testcase name="googleTitle" time="0.045" classname="com.TDDFramework.TestNGBasics.GoogleTitleTestAssert"/>
  <testcase name="exceptionHandling" time="0.003" classname="com.TDDFramework.TestNGBasics.ExpectedException"/>
  <testcase name="exceptionHandling1" time="0.002" classname="com.TDDFramework.TestNGBasics.ExpectedException">
    <failure type="java.lang.NumberFormatException" message="For input string: &amp;quot;100A&amp;quot;">
      <![CDATA[java.lang.NumberFormatException: For input string: "100A"
at java.lang.NumberFormatException.forInputString(NumberFormatException.java:65)
at java.lang.Integer.parseInt(Integer.java:580)
at java.lang.Integer.parseInt(Integer.java:615)
at com.TDDFramework.TestNGBasics.ExpectedException.exceptionHandling1(ExpectedException.java:16)
... Removed 25 stack frames]]>
    </failure>
  </testcase> <!-- exceptionHandling1 -->
  <testcase name="add" time="0.003" classname="com.TDDFramework.TestNGBasics.InvocationCount"/>
  <testcase name="add" time="0.001" classname="com.TDDFramework.TestNGBasics.InvocationCount"/>
  <testcase name="add" time="0.001" classname="com.TDDFramework.TestNGBasics.InvocationCount"/>
  <testcase name="add" time="0.002" classname="com.TDDFramework.TestNGBasics.InvocationCount"/>
  <testcase name="add" time="0.002" classname="com.TDDFramework.TestNGBasics.InvocationCount"/>
  <testcase name="test_001" time="0.001" classname="com.TDDFramework.TestNGBasics.TestNGBasicsAnnotations"/>
  <testcase name="test_002" time="0.001" classname="com.TDDFramework.TestNGBasics.TestNGBasicsAnnotations"/>
  <testcase name="test_003" time="0.001" classname="com.TDDFramework.TestNGBasics.TestNGBasicsAnnotations"/>
  <testcase name="loginTest" time="9.001" classname="com.TDDFramework.TestNGBasics.TestNGFeaturesDependsOnMethods">
    <failure type="org.openqa.selenium.NoSuchElementException" message="no such element: Unable to locate element: {&amp;quot;method&amp;quot;:&amp;quot;link text&amp;quot;,&amp;quot;selector&amp;quot;:&amp;quot;Mail&amp;quot;}
  (Session info: chrome=103.0.5060.134)
For documentation on this error, please visit: https://www.seleniumhq.org/exceptions/no_such_element.html
Build info: version: &amp;apos;3.141.59&amp;apos;, revision: &amp;apos;e82be7d358&amp;apos;, time: &amp;apos;2018-11-14T08:17:03&amp;apos;
System info: host: &amp;apos;Rashmes-MacBook-Air.local&amp;apos;, ip: &amp;apos;fe80:0:0:0:c94:8606:e1d6:9585%en0&amp;apos;, os.name: &amp;apos;Mac OS X&amp;apos;, os.arch: &amp;apos;x86_64&amp;apos;, os.version: &amp;apos;10.16&amp;apos;, java.version: &amp;apos;1.8.0_202&amp;apos;
Driver info: org.openqa.selenium.chrome.ChromeDriver
Capabilities {acceptInsecureCerts: false, browserName: chrome, browserVersion: 103.0.5060.134, chrome: {chromedriverVersion: 103.0.5060.53 (a1711811edd7..., userDataDir: /var/folders/lq/ygpmjrtj5cd...}, goog:chromeOptions: {debuggerAddress: localhost:51597}, javascriptEnabled: true, networkConnectionEnabled: false, pageLoadStrategy: normal, platform: MAC, platformName: MAC, proxy: Proxy(), setWindowRect: true, strictFileInteractability: false, timeouts: {implicit: 0, pageLoad: 300000, script: 30000}, unhandledPromptBehavior: dismiss and notify, webauthn:extension:credBlob: true, webauthn:extension:largeBlob: true, webauthn:virtualAuthenticators: true}
Session ID: 0fa433dfbde93537687634d20c180c53
*** Element info: {Using=link text, value=Mail}">
      <![CDATA[org.openqa.selenium.NoSuchElementException: no such element: Unable to locate element: {"method":"link text","selector":"Mail"}
  (Session info: chrome=103.0.5060.134)
For documentation on this error, please visit: https://www.seleniumhq.org/exceptions/no_such_element.html
Build info: version: '3.141.59', revision: 'e82be7d358', time: '2018-11-14T08:17:03'
System info: host: 'Rashmes-MacBook-Air.local', ip: 'fe80:0:0:0:c94:8606:e1d6:9585%en0', os.name: 'Mac OS X', os.arch: 'x86_64', os.version: '10.16', java.version: '1.8.0_202'
Driver info: org.openqa.selenium.chrome.ChromeDriver
Capabilities {acceptInsecureCerts: false, browserName: chrome, browserVersion: 103.0.5060.134, chrome: {chromedriverVersion: 103.0.5060.53 (a1711811edd7..., userDataDir: /var/folders/lq/ygpmjrtj5cd...}, goog:chromeOptions: {debuggerAddress: localhost:51597}, javascriptEnabled: true, networkConnectionEnabled: false, pageLoadStrategy: normal, platform: MAC, platformName: MAC, proxy: Proxy(), setWindowRect: true, strictFileInteractability: false, timeouts: {implicit: 0, pageLoad: 300000, script: 30000}, unhandledPromptBehavior: dismiss and notify, webauthn:extension:credBlob: true, webauthn:extension:largeBlob: true, webauthn:virtualAuthenticators: true}
Session ID: 0fa433dfbde93537687634d20c180c53
*** Element info: {Using=link text, value=Mail}
at org.openqa.selenium.remote.http.W3CHttpResponseCodec.createException(W3CHttpResponseCodec.java:187)
at org.openqa.selenium.remote.http.W3CHttpResponseCodec.decode(W3CHttpResponseCodec.java:122)
at org.openqa.selenium.remote.http.W3CHttpResponseCodec.decode(W3CHttpResponseCodec.java:49)
at org.openqa.selenium.remote.HttpCommandExecutor.execute(HttpCommandExecutor.java:158)
at org.openqa.selenium.remote.service.DriverCommandExecutor.execute(DriverCommandExecutor.java:83)
at org.openqa.selenium.remote.RemoteWebDriver.execute(RemoteWebDriver.java:552)
at org.openqa.selenium.remote.RemoteWebDriver.findElement(RemoteWebDriver.java:323)
at org.openqa.selenium.remote.RemoteWebDriver.findElementByLinkText(RemoteWebDriver.java:380)
at org.openqa.selenium.By$ByLinkText.findElement(By.java:220)
at org.openqa.selenium.remote.RemoteWebDriver.findElement(RemoteWebDriver.java:315)
at com.TDDFramework.TestNGBasics.TestNGFeaturesDependsOnMethods.loginTest(TestNGFeaturesDependsOnMethods.java:18)
... Removed 29 stack frames]]>
    </failure>
  </testcase> <!-- loginTest -->
  <testcase name="HomePageTest" time="0.0" classname="com.TDDFramework.TestNGBasics.TestNGFeaturesDependsOnMethods">
    <skipped/>
  </testcase> <!-- HomePageTest -->
  <testcase name="googleTitleTest" time="0.061" classname="com.TDDFramework.TestNGBasics.GoogleTest"/>
  <testcase name="googleLogoTest" time="0.241" classname="com.TDDFramework.TestNGBasics.GoogleTest"/>
  <testcase name="mailLinkTest" time="0.224" classname="com.TDDFramework.TestNGBasics.GoogleTest"/>
  <testcase name="test1" time="0.004" classname="com.TDDFramework.TestNGBasics.GoogleTest"/>
  <testcase name="test2" time="0.007" classname="com.TDDFramework.TestNGBasics.GoogleTest"/>
  <testcase name="test3" time="0.008" classname="com.TDDFramework.TestNGBasics.GoogleTest"/>
</testsuite> <!-- Test Cases -->
