<html>
<head>
<title>TestNG:  Test Cases</title>
<link href="../testng.css" rel="stylesheet" type="text/css" />
<link href="../my-testng.css" rel="stylesheet" type="text/css" />

<style type="text/css">
.log { display: none;} 
.stack-trace { display: none;} 
</style>
<script type="text/javascript">
<!--
function flip(e) {
  current = e.style.display;
  if (current == 'block') {
    e.style.display = 'none';
    return 0;
  }
  else {
    e.style.display = 'block';
    return 1;
  }
}

function toggleBox(szDivId, elem, msg1, msg2)
{
  var res = -1;  if (document.getElementById) {
    res = flip(document.getElementById(szDivId));
  }
  else if (document.all) {
    // this is the way old msie versions work
    res = flip(document.all[szDivId]);
  }
  if(elem) {
    if(res == 0) elem.innerHTML = msg1; else elem.innerHTML = msg2;
  }

}

function toggleAllBoxes() {
  if (document.getElementsByTagName) {
    d = document.getElementsByTagName('div');
    for (i = 0; i < d.length; i++) {
      if (d[i].className == 'log') {
        flip(d[i]);
      }
    }
  }
}

// -->
</script>

</head>
<body>
<h2 align='center'>Test Cases</h2><table border='1' align="center">
<tr>
<td>Tests passed/Failed/Skipped:</td><td>17/2/1</td>
</tr><tr>
<td>Started on:</td><td>Tue Jul 26 09:10:44 IST 2022</td>
</tr>
<tr><td>Total time:</td><td>78 seconds (78429 ms)</td>
</tr><tr>
<td>Included groups:</td><td></td>
</tr><tr>
<td>Excluded groups:</td><td></td>
</tr>
</table><p/>
<small><i>(Hover the method name to see the test class name)</i></small><p/>
<table width='100%' border='1' class='invocation-failed'>
<tr><td colspan='4' align='center'><b>FAILED TESTS</b></td></tr>
<tr><td><b>Test method</b></td>
<td width="30%"><b>Exception</b></td>
<td width="10%"><b>Time (seconds)</b></td>
<td><b>Instance</b></td>
</tr>
<tr>
<td title='com.TDDFramework.TestNGBasics.ExpectedException.exceptionHandling1()'><b>exceptionHandling1</b><br>Test class: com.TDDFramework.TestNGBasics.ExpectedException</td>
<td><div><pre>java.lang.NumberFormatException: For input string: &quot;100A&quot;
	at java.lang.NumberFormatException.forInputString(NumberFormatException.java:65)
	at java.lang.Integer.parseInt(Integer.java:580)
	at java.lang.Integer.parseInt(Integer.java:615)
	at com.TDDFramework.TestNGBasics.ExpectedException.exceptionHandling1(ExpectedException.java:16)
... Removed 25 stack frames</pre></div><a href='#' onClick='toggleBox("stack-trace457247584", this, "Click to show all stack frames", "Click to hide stack frames")'>Click to show all stack frames</a>
<div class='stack-trace' id='stack-trace457247584'><pre>java.lang.NumberFormatException: For input string: &quot;100A&quot;
	at java.lang.NumberFormatException.forInputString(NumberFormatException.java:65)
	at java.lang.Integer.parseInt(Integer.java:580)
	at java.lang.Integer.parseInt(Integer.java:615)
	at com.TDDFramework.TestNGBasics.ExpectedException.exceptionHandling1(ExpectedException.java:16)
	at sun.reflect.NativeMethodAccessorImpl.invoke0(Native Method)
	at sun.reflect.NativeMethodAccessorImpl.invoke(NativeMethodAccessorImpl.java:62)
	at sun.reflect.DelegatingMethodAccessorImpl.invoke(DelegatingMethodAccessorImpl.java:43)
	at java.lang.reflect.Method.invoke(Method.java:498)
	at org.testng.internal.MethodInvocationHelper.invokeMethod(MethodInvocationHelper.java:124)
	at org.testng.internal.Invoker.invokeMethod(Invoker.java:583)
	at org.testng.internal.Invoker.invokeTestMethod(Invoker.java:719)
	at org.testng.internal.Invoker.invokeTestMethods(Invoker.java:989)
	at org.testng.internal.TestMethodWorker.invokeTestMethods(TestMethodWorker.java:125)
	at org.testng.internal.TestMethodWorker.run(TestMethodWorker.java:109)
	at org.testng.TestRunner.privateRun(TestRunner.java:648)
	at org.testng.TestRunner.run(TestRunner.java:505)
	at org.testng.SuiteRunner.runTest(SuiteRunner.java:455)
	at org.testng.SuiteRunner.runSequentially(SuiteRunner.java:450)
	at org.testng.SuiteRunner.privateRun(SuiteRunner.java:415)
	at org.testng.SuiteRunner.run(SuiteRunner.java:364)
	at org.testng.SuiteRunnerWorker.runSuite(SuiteRunnerWorker.java:52)
	at org.testng.SuiteRunnerWorker.run(SuiteRunnerWorker.java:84)
	at org.testng.TestNG.runSuitesSequentially(TestNG.java:1208)
	at org.testng.TestNG.runSuitesLocally(TestNG.java:1137)
	at org.testng.TestNG.runSuites(TestNG.java:1049)
	at org.testng.TestNG.run(TestNG.java:1017)
	at org.testng.remote.AbstractRemoteTestNG.run(AbstractRemoteTestNG.java:115)
	at org.testng.remote.RemoteTestNG.initAndRun(RemoteTestNG.java:251)
	at org.testng.remote.RemoteTestNG.main(RemoteTestNG.java:77)
</pre></div></td>
<td>0</td>
<td>com.TDDFramework.TestNGBasics.ExpectedException@3ffc5af1</td></tr>
<tr>
<td title='com.TDDFramework.TestNGBasics.TestNGFeaturesDependsOnMethods.loginTest()'><b>loginTest</b><br>Test class: com.TDDFramework.TestNGBasics.TestNGFeaturesDependsOnMethods</td>
<td><div><pre>org.openqa.selenium.NoSuchElementException: no such element: Unable to locate element: {&quot;method&quot;:&quot;link text&quot;,&quot;selector&quot;:&quot;Mail&quot;}
  (Session info: chrome=103.0.5060.134)
For documentation on this error, please visit: https://www.seleniumhq.org/exceptions/no_such_element.html
Build info: version: &apos;3.141.59&apos;, revision: &apos;e82be7d358&apos;, time: &apos;2018-11-14T08:17:03&apos;
System info: host: &apos;Rashmes-MacBook-Air.local&apos;, ip: &apos;fe80:0:0:0:c94:8606:e1d6:9585%en0&apos;, os.name: &apos;Mac OS X&apos;, os.arch: &apos;x86_64&apos;, os.version: &apos;10.16&apos;, java.version: &apos;1.8.0_202&apos;
Driver info: org.openqa.selenium.chrome.ChromeDriver
Capabilities {acceptInsecureCerts: false, browserName: chrome, browserVersion: 103.0.5060.134, chrome: {chromedriverVersion: 103.0.5060.53 (a1711811edd7..., userDataDir: /var/folders/lq/ygpmjrtj5cd...}, goog:chromeOptions: {debuggerAddress: localhost:51597}, javascriptEnabled: true, networkConnectionEnabled: false, pageLoadStrategy: normal, platform: MAC, platformName: MAC, proxy: Proxy(), setWindowRect: true, strictFileInteractability: false, timeouts: {implicit: 0, pageLoad: 300000, script: 30000}, unhandledPromptBehavior: dismiss and notify, webauthn:extension:credBlob: true, webauthn:extension:largeBlob: true, webauthn:virtualAuthenticators: true}
Session ID: 0fa433dfbde93537687634d20c180c53
*** Element info: {Using=link text, value=Mail}
	at org.openqa.selenium.remote.http.W3CHttpResponseCodec.createException(W3CHttpResponseCodec.java:187)
	at org.openqa.selenium.remote.http.W3CHttpResponseCodec.decode(W3CHttpResponseCodec.java:122)
	at org.openqa.selenium.remote.http.W3CHttpResponseCodec.decode(W3CHttpResponseCodec.java:49)
	at org.openqa.selenium.remote.HttpCommandExecutor.execute(HttpCommandExecutor.java:158)
	at org.openqa.selenium.remote.service.DriverCommandExecutor.execute(DriverCommandExecutor.java:83)
	at org.openqa.selenium.remote.RemoteWebDriver.execute(RemoteWebDriver.java:552)
	at org.openqa.selenium.remote.RemoteWebDriver.findElement(RemoteWebDriver.java:323)
	at org.openqa.selenium.remote.RemoteWebDriver.findElementByLinkText(RemoteWebDriver.java:380)
	at org.openqa.selenium.By$ByLinkText.findElement(By.java:220)
	at org.openqa.selenium.remote.RemoteWebDriver.findElement(RemoteWebDriver.java:315)
	at com.TDDFramework.TestNGBasics.TestNGFeaturesDependsOnMethods.loginTest(TestNGFeaturesDependsOnMethods.java:18)
... Removed 29 stack frames</pre></div><a href='#' onClick='toggleBox("stack-trace2115628016", this, "Click to show all stack frames", "Click to hide stack frames")'>Click to show all stack frames</a>
<div class='stack-trace' id='stack-trace2115628016'><pre>org.openqa.selenium.NoSuchElementException: no such element: Unable to locate element: {&quot;method&quot;:&quot;link text&quot;,&quot;selector&quot;:&quot;Mail&quot;}
  (Session info: chrome=103.0.5060.134)
For documentation on this error, please visit: https://www.seleniumhq.org/exceptions/no_such_element.html
Build info: version: &apos;3.141.59&apos;, revision: &apos;e82be7d358&apos;, time: &apos;2018-11-14T08:17:03&apos;
System info: host: &apos;Rashmes-MacBook-Air.local&apos;, ip: &apos;fe80:0:0:0:c94:8606:e1d6:9585%en0&apos;, os.name: &apos;Mac OS X&apos;, os.arch: &apos;x86_64&apos;, os.version: &apos;10.16&apos;, java.version: &apos;1.8.0_202&apos;
Driver info: org.openqa.selenium.chrome.ChromeDriver
Capabilities {acceptInsecureCerts: false, browserName: chrome, browserVersion: 103.0.5060.134, chrome: {chromedriverVersion: 103.0.5060.53 (a1711811edd7..., userDataDir: /var/folders/lq/ygpmjrtj5cd...}, goog:chromeOptions: {debuggerAddress: localhost:51597}, javascriptEnabled: true, networkConnectionEnabled: false, pageLoadStrategy: normal, platform: MAC, platformName: MAC, proxy: Proxy(), setWindowRect: true, strictFileInteractability: false, timeouts: {implicit: 0, pageLoad: 300000, script: 30000}, unhandledPromptBehavior: dismiss and notify, webauthn:extension:credBlob: true, webauthn:extension:largeBlob: true, webauthn:virtualAuthenticators: true}
Session ID: 0fa433dfbde93537687634d20c180c53
*** Element info: {Using=link text, value=Mail}
	at sun.reflect.NativeConstructorAccessorImpl.newInstance0(Native Method)
	at sun.reflect.NativeConstructorAccessorImpl.newInstance(NativeConstructorAccessorImpl.java:62)
	at sun.reflect.DelegatingConstructorAccessorImpl.newInstance(DelegatingConstructorAccessorImpl.java:45)
	at java.lang.reflect.Constructor.newInstance(Constructor.java:423)
	at org.openqa.selenium.remote.http.W3CHttpResponseCodec.createException(W3CHttpResponseCodec.java:187)
	at org.openqa.selenium.remote.http.W3CHttpResponseCodec.decode(W3CHttpResponseCodec.java:122)
	at org.openqa.selenium.remote.http.W3CHttpResponseCodec.decode(W3CHttpResponseCodec.java:49)
	at org.openqa.selenium.remote.HttpCommandExecutor.execute(HttpCommandExecutor.java:158)
	at org.openqa.selenium.remote.service.DriverCommandExecutor.execute(DriverCommandExecutor.java:83)
	at org.openqa.selenium.remote.RemoteWebDriver.execute(RemoteWebDriver.java:552)
	at org.openqa.selenium.remote.RemoteWebDriver.findElement(RemoteWebDriver.java:323)
	at org.openqa.selenium.remote.RemoteWebDriver.findElementByLinkText(RemoteWebDriver.java:380)
	at org.openqa.selenium.By$ByLinkText.findElement(By.java:220)
	at org.openqa.selenium.remote.RemoteWebDriver.findElement(RemoteWebDriver.java:315)
	at com.TDDFramework.TestNGBasics.TestNGFeaturesDependsOnMethods.loginTest(TestNGFeaturesDependsOnMethods.java:18)
	at sun.reflect.NativeMethodAccessorImpl.invoke0(Native Method)
	at sun.reflect.NativeMethodAccessorImpl.invoke(NativeMethodAccessorImpl.java:62)
	at sun.reflect.DelegatingMethodAccessorImpl.invoke(DelegatingMethodAccessorImpl.java:43)
	at java.lang.reflect.Method.invoke(Method.java:498)
	at org.testng.internal.MethodInvocationHelper.invokeMethod(MethodInvocationHelper.java:124)
	at org.testng.internal.Invoker.invokeMethod(Invoker.java:583)
	at org.testng.internal.Invoker.invokeTestMethod(Invoker.java:719)
	at org.testng.internal.Invoker.invokeTestMethods(Invoker.java:989)
	at org.testng.internal.TestMethodWorker.invokeTestMethods(TestMethodWorker.java:125)
	at org.testng.internal.TestMethodWorker.run(TestMethodWorker.java:109)
	at org.testng.TestRunner.privateRun(TestRunner.java:648)
	at org.testng.TestRunner.run(TestRunner.java:505)
	at org.testng.SuiteRunner.runTest(SuiteRunner.java:455)
	at org.testng.SuiteRunner.runSequentially(SuiteRunner.java:450)
	at org.testng.SuiteRunner.privateRun(SuiteRunner.java:415)
	at org.testng.SuiteRunner.run(SuiteRunner.java:364)
	at org.testng.SuiteRunnerWorker.runSuite(SuiteRunnerWorker.java:52)
	at org.testng.SuiteRunnerWorker.run(SuiteRunnerWorker.java:84)
	at org.testng.TestNG.runSuitesSequentially(TestNG.java:1208)
	at org.testng.TestNG.runSuitesLocally(TestNG.java:1137)
	at org.testng.TestNG.runSuites(TestNG.java:1049)
	at org.testng.TestNG.run(TestNG.java:1017)
	at org.testng.remote.AbstractRemoteTestNG.run(AbstractRemoteTestNG.java:115)
	at org.testng.remote.RemoteTestNG.initAndRun(RemoteTestNG.java:251)
	at org.testng.remote.RemoteTestNG.main(RemoteTestNG.java:77)
</pre></div></td>
<td>9</td>
<td>com.TDDFramework.TestNGBasics.TestNGFeaturesDependsOnMethods@26653222</td></tr>
</table><p>
<table width='100%' border='1' class='invocation-passed'>
<tr><td colspan='4' align='center'><b>PASSED TESTS</b></td></tr>
<tr><td><b>Test method</b></td>
<td width="30%"><b>Exception</b></td>
<td width="10%"><b>Time (seconds)</b></td>
<td><b>Instance</b></td>
</tr>
<tr>
<td title='com.TDDFramework.TestNGBasics.InvocationCount.add()'><b>add</b><br>Test class: com.TDDFramework.TestNGBasics.InvocationCount</td>
<td></td>
<td>0</td>
<td>com.TDDFramework.TestNGBasics.InvocationCount@5e5792a0</td></tr>
<tr>
<td title='com.TDDFramework.TestNGBasics.InvocationCount.add()'><b>add</b><br>Test class: com.TDDFramework.TestNGBasics.InvocationCount</td>
<td></td>
<td>0</td>
<td>com.TDDFramework.TestNGBasics.InvocationCount@5e5792a0</td></tr>
<tr>
<td title='com.TDDFramework.TestNGBasics.InvocationCount.add()'><b>add</b><br>Test class: com.TDDFramework.TestNGBasics.InvocationCount</td>
<td></td>
<td>0</td>
<td>com.TDDFramework.TestNGBasics.InvocationCount@5e5792a0</td></tr>
<tr>
<td title='com.TDDFramework.TestNGBasics.InvocationCount.add()'><b>add</b><br>Test class: com.TDDFramework.TestNGBasics.InvocationCount</td>
<td></td>
<td>0</td>
<td>com.TDDFramework.TestNGBasics.InvocationCount@5e5792a0</td></tr>
<tr>
<td title='com.TDDFramework.TestNGBasics.InvocationCount.add()'><b>add</b><br>Test class: com.TDDFramework.TestNGBasics.InvocationCount</td>
<td></td>
<td>0</td>
<td>com.TDDFramework.TestNGBasics.InvocationCount@5e5792a0</td></tr>
<tr>
<td title='com.TDDFramework.TestNGBasics.ExpectedException.exceptionHandling()'><b>exceptionHandling</b><br>Test class: com.TDDFramework.TestNGBasics.ExpectedException</td>
<td><div><pre>java.lang.ArrayIndexOutOfBoundsException: 4
	at com.TDDFramework.TestNGBasics.ExpectedException.exceptionHandling(ExpectedException.java:10)
... Removed 25 stack frames</pre></div><a href='#' onClick='toggleBox("stack-trace1822525972", this, "Click to show all stack frames", "Click to hide stack frames")'>Click to show all stack frames</a>
<div class='stack-trace' id='stack-trace1822525972'><pre>java.lang.ArrayIndexOutOfBoundsException: 4
	at com.TDDFramework.TestNGBasics.ExpectedException.exceptionHandling(ExpectedException.java:10)
	at sun.reflect.NativeMethodAccessorImpl.invoke0(Native Method)
	at sun.reflect.NativeMethodAccessorImpl.invoke(NativeMethodAccessorImpl.java:62)
	at sun.reflect.DelegatingMethodAccessorImpl.invoke(DelegatingMethodAccessorImpl.java:43)
	at java.lang.reflect.Method.invoke(Method.java:498)
	at org.testng.internal.MethodInvocationHelper.invokeMethod(MethodInvocationHelper.java:124)
	at org.testng.internal.Invoker.invokeMethod(Invoker.java:583)
	at org.testng.internal.Invoker.invokeTestMethod(Invoker.java:719)
	at org.testng.internal.Invoker.invokeTestMethods(Invoker.java:989)
	at org.testng.internal.TestMethodWorker.invokeTestMethods(TestMethodWorker.java:125)
	at org.testng.internal.TestMethodWorker.run(TestMethodWorker.java:109)
	at org.testng.TestRunner.privateRun(TestRunner.java:648)
	at org.testng.TestRunner.run(TestRunner.java:505)
	at org.testng.SuiteRunner.runTest(SuiteRunner.java:455)
	at org.testng.SuiteRunner.runSequentially(SuiteRunner.java:450)
	at org.testng.SuiteRunner.privateRun(SuiteRunner.java:415)
	at org.testng.SuiteRunner.run(SuiteRunner.java:364)
	at org.testng.SuiteRunnerWorker.runSuite(SuiteRunnerWorker.java:52)
	at org.testng.SuiteRunnerWorker.run(SuiteRunnerWorker.java:84)
	at org.testng.TestNG.runSuitesSequentially(TestNG.java:1208)
	at org.testng.TestNG.runSuitesLocally(TestNG.java:1137)
	at org.testng.TestNG.runSuites(TestNG.java:1049)
	at org.testng.TestNG.run(TestNG.java:1017)
	at org.testng.remote.AbstractRemoteTestNG.run(AbstractRemoteTestNG.java:115)
	at org.testng.remote.RemoteTestNG.initAndRun(RemoteTestNG.java:251)
	at org.testng.remote.RemoteTestNG.main(RemoteTestNG.java:77)
</pre></div></td>
<td>0</td>
<td>com.TDDFramework.TestNGBasics.ExpectedException@3ffc5af1</td></tr>
<tr>
<td title='com.TDDFramework.TestNGBasics.GoogleTitleTestAssert.googleLogo()'><b>googleLogo</b><br>Test class: com.TDDFramework.TestNGBasics.GoogleTitleTestAssert</td>
<td></td>
<td>0</td>
<td>com.TDDFramework.TestNGBasics.GoogleTitleTestAssert@29774679</td></tr>
<tr>
<td title='com.TDDFramework.TestNGBasics.GoogleTest.googleLogoTest()'><b>googleLogoTest</b><br>Test class: com.TDDFramework.TestNGBasics.GoogleTest</td>
<td></td>
<td>0</td>
<td>com.TDDFramework.TestNGBasics.GoogleTest@3532ec19</td></tr>
<tr>
<td title='com.TDDFramework.TestNGBasics.GoogleTitleTestAssert.googleTitle()'><b>googleTitle</b><br>Test class: com.TDDFramework.TestNGBasics.GoogleTitleTestAssert</td>
<td></td>
<td>0</td>
<td>com.TDDFramework.TestNGBasics.GoogleTitleTestAssert@29774679</td></tr>
<tr>
<td title='com.TDDFramework.TestNGBasics.GoogleTest.googleTitleTest()'><b>googleTitleTest</b><br>Test class: com.TDDFramework.TestNGBasics.GoogleTest</td>
<td></td>
<td>0</td>
<td>com.TDDFramework.TestNGBasics.GoogleTest@3532ec19</td></tr>
<tr>
<td title='com.TDDFramework.TestNGBasics.GoogleTest.mailLinkTest()'><b>mailLinkTest</b><br>Test class: com.TDDFramework.TestNGBasics.GoogleTest</td>
<td></td>
<td>0</td>
<td>com.TDDFramework.TestNGBasics.GoogleTest@3532ec19</td></tr>
<tr>
<td title='com.TDDFramework.TestNGBasics.GoogleTest.test1()'><b>test1</b><br>Test class: com.TDDFramework.TestNGBasics.GoogleTest</td>
<td></td>
<td>0</td>
<td>com.TDDFramework.TestNGBasics.GoogleTest@3532ec19</td></tr>
<tr>
<td title='com.TDDFramework.TestNGBasics.GoogleTest.test2()'><b>test2</b><br>Test class: com.TDDFramework.TestNGBasics.GoogleTest</td>
<td></td>
<td>0</td>
<td>com.TDDFramework.TestNGBasics.GoogleTest@3532ec19</td></tr>
<tr>
<td title='com.TDDFramework.TestNGBasics.GoogleTest.test3()'><b>test3</b><br>Test class: com.TDDFramework.TestNGBasics.GoogleTest</td>
<td></td>
<td>0</td>
<td>com.TDDFramework.TestNGBasics.GoogleTest@3532ec19</td></tr>
<tr>
<td title='com.TDDFramework.TestNGBasics.TestNGBasicsAnnotations.test_001()'><b>test_001</b><br>Test class: com.TDDFramework.TestNGBasics.TestNGBasicsAnnotations</td>
<td></td>
<td>0</td>
<td>com.TDDFramework.TestNGBasics.TestNGBasicsAnnotations@61832929</td></tr>
<tr>
<td title='com.TDDFramework.TestNGBasics.TestNGBasicsAnnotations.test_002()'><b>test_002</b><br>Test class: com.TDDFramework.TestNGBasics.TestNGBasicsAnnotations</td>
<td></td>
<td>0</td>
<td>com.TDDFramework.TestNGBasics.TestNGBasicsAnnotations@61832929</td></tr>
<tr>
<td title='com.TDDFramework.TestNGBasics.TestNGBasicsAnnotations.test_003()'><b>test_003</b><br>Test class: com.TDDFramework.TestNGBasics.TestNGBasicsAnnotations</td>
<td></td>
<td>0</td>
<td>com.TDDFramework.TestNGBasics.TestNGBasicsAnnotations@61832929</td></tr>
</table><p>
<table width='100%' border='1' class='invocation-skipped'>
<tr><td colspan='4' align='center'><b>SKIPPED TESTS</b></td></tr>
<tr><td><b>Test method</b></td>
<td width="30%"><b>Exception</b></td>
<td width="10%"><b>Time (seconds)</b></td>
<td><b>Instance</b></td>
</tr>
<tr>
<td title='com.TDDFramework.TestNGBasics.TestNGFeaturesDependsOnMethods.HomePageTest()'><b>HomePageTest</b><br>Test class: com.TDDFramework.TestNGBasics.TestNGFeaturesDependsOnMethods</td>
<td><div><pre>java.lang.Throwable: Method TestNGFeaturesDependsOnMethods.HomePageTest()[pri:0, instance:com.TDDFramework.TestNGBasics.TestNGFeaturesDependsOnMethods@26653222] depends on not successfully finished methods
... Removed 18 stack frames</pre></div><a href='#' onClick='toggleBox("stack-trace1935122449", this, "Click to show all stack frames", "Click to hide stack frames")'>Click to show all stack frames</a>
<div class='stack-trace' id='stack-trace1935122449'><pre>java.lang.Throwable: Method TestNGFeaturesDependsOnMethods.HomePageTest()[pri:0, instance:com.TDDFramework.TestNGBasics.TestNGFeaturesDependsOnMethods@26653222] depends on not successfully finished methods
	at org.testng.internal.Invoker.invokeTestMethods(Invoker.java:888)
	at org.testng.internal.TestMethodWorker.invokeTestMethods(TestMethodWorker.java:125)
	at org.testng.internal.TestMethodWorker.run(TestMethodWorker.java:109)
	at org.testng.TestRunner.privateRun(TestRunner.java:648)
	at org.testng.TestRunner.run(TestRunner.java:505)
	at org.testng.SuiteRunner.runTest(SuiteRunner.java:455)
	at org.testng.SuiteRunner.runSequentially(SuiteRunner.java:450)
	at org.testng.SuiteRunner.privateRun(SuiteRunner.java:415)
	at org.testng.SuiteRunner.run(SuiteRunner.java:364)
	at org.testng.SuiteRunnerWorker.runSuite(SuiteRunnerWorker.java:52)
	at org.testng.SuiteRunnerWorker.run(SuiteRunnerWorker.java:84)
	at org.testng.TestNG.runSuitesSequentially(TestNG.java:1208)
	at org.testng.TestNG.runSuitesLocally(TestNG.java:1137)
	at org.testng.TestNG.runSuites(TestNG.java:1049)
	at org.testng.TestNG.run(TestNG.java:1017)
	at org.testng.remote.AbstractRemoteTestNG.run(AbstractRemoteTestNG.java:115)
	at org.testng.remote.RemoteTestNG.initAndRun(RemoteTestNG.java:251)
	at org.testng.remote.RemoteTestNG.main(RemoteTestNG.java:77)
</pre></div></td>
<td>0</td>
<td>null</td></tr>
</table><p>
</body>
</html>